working/timetest.50/1.5/0.25/1/gctree.simulation.fasta: 4.849888 seconds
working/timetest.50/1.5/0.25/1/gctree.simulation.phylip: 0.248365 seconds
working/timetest.50/1.5/0.25/1/dnapars/config.cfg: 0.058957 seconds
working/timetest.50/1.5/0.25/1/dnapars/log.log: 0.465553 seconds
working/timetest.50/1.5/0.25/1/dnapars: 0.000006 seconds
working/timetest.50/1.5/0.25/1/gctree.inference.log: 4.036812 seconds
working/timetest.50/1.5/0.25/1/validation.gctree.tsv: 10.962316 seconds
working/timetest.50/1.5/0.25/1: 0.000015 seconds
working/timetest.50/1.5/0.25/10/gctree.simulation.fasta: 3.859971 seconds
working/timetest.50/1.5/0.25/10/gctree.simulation.phylip: 0.245726 seconds
working/timetest.50/1.5/0.25/10/dnapars/config.cfg: 0.061624 seconds
working/timetest.50/1.5/0.25/10/dnapars/log.log: 0.284809 seconds
working/timetest.50/1.5/0.25/10/dnapars: 0.000007 seconds
working/timetest.50/1.5/0.25/10/gctree.inference.log: 3.016900 seconds
working/timetest.50/1.5/0.25/10/validation.gctree.tsv: 10.064432 seconds
working/timetest.50/1.5/0.25/10: 0.000015 seconds
working/timetest.50/1.5/0.25/11/gctree.simulation.fasta: 3.719762 seconds
working/timetest.50/1.5/0.25/11/gctree.simulation.phylip: 0.280845 seconds
working/timetest.50/1.5/0.25/11/dnapars/config.cfg: 0.051894 seconds
working/timetest.50/1.5/0.25/11/dnapars/log.log: 57.722750 seconds
working/timetest.50/1.5/0.25/11/dnapars: 0.000007 seconds
working/timetest.50/1.5/0.25/11/gctree.inference.log: 3.717078 seconds
working/timetest.50/1.5/0.25/11/validation.gctree.tsv: 11.979504 seconds
working/timetest.50/1.5/0.25/11: 0.000015 seconds
working/timetest.50/1.5/0.25/12/gctree.simulation.fasta: 3.392265 seconds
working/timetest.50/1.5/0.25/12/gctree.simulation.phylip: 0.294643 seconds
working/timetest.50/1.5/0.25/12/dnapars/config.cfg: 0.064992 seconds
working/timetest.50/1.5/0.25/12/dnapars/log.log: 0.387978 seconds
working/timetest.50/1.5/0.25/12/dnapars: 0.000008 seconds
working/timetest.50/1.5/0.25/12/gctree.inference.log: 3.075761 seconds
working/timetest.50/1.5/0.25/12/validation.gctree.tsv: 10.714278 seconds
working/timetest.50/1.5/0.25/12: 0.000013 seconds
working/timetest.50/1.5/0.25/13/gctree.simulation.fasta: 4.089069 seconds
working/timetest.50/1.5/0.25/13/gctree.simulation.phylip: 0.235015 seconds
working/timetest.50/1.5/0.25/13/dnapars/config.cfg: 0.091675 seconds
working/timetest.50/1.5/0.25/13/dnapars/log.log: 26.674936 seconds
working/timetest.50/1.5/0.25/13/dnapars: 0.000008 seconds
working/timetest.50/1.5/0.25/13/gctree.inference.log: 3.355280 seconds
working/timetest.50/1.5/0.25/13/validation.gctree.tsv: 12.232592 seconds
working/timetest.50/1.5/0.25/13: 0.000012 seconds
working/timetest.50/1.5/0.25/14/gctree.simulation.fasta: 3.217072 seconds
working/timetest.50/1.5/0.25/14/gctree.simulation.phylip: 0.256121 seconds
working/timetest.50/1.5/0.25/14/dnapars/config.cfg: 0.044225 seconds
working/timetest.50/1.5/0.25/14/dnapars/log.log: 0.136484 seconds
working/timetest.50/1.5/0.25/14/dnapars: 0.000006 seconds
working/timetest.50/1.5/0.25/14/gctree.inference.log: 3.738445 seconds
working/timetest.50/1.5/0.25/14/validation.gctree.tsv: 9.927865 seconds
working/timetest.50/1.5/0.25/14: 0.000013 seconds
working/timetest.50/1.5/0.25/15/gctree.simulation.fasta: 3.634100 seconds
working/timetest.50/1.5/0.25/15/gctree.simulation.phylip: 0.244280 seconds
working/timetest.50/1.5/0.25/15/dnapars/config.cfg: 0.043256 seconds
working/timetest.50/1.5/0.25/15/dnapars/log.log: 0.497895 seconds
working/timetest.50/1.5/0.25/15/dnapars: 0.000008 seconds
working/timetest.50/1.5/0.25/15/gctree.inference.log: 3.290246 seconds
working/timetest.50/1.5/0.25/15/validation.gctree.tsv: 11.874944 seconds
working/timetest.50/1.5/0.25/15: 0.000010 seconds
working/timetest.50/1.5/0.25/16/gctree.simulation.fasta: 3.696498 seconds
working/timetest.50/1.5/0.25/16/gctree.simulation.phylip: 0.255668 seconds
working/timetest.50/1.5/0.25/16/dnapars/config.cfg: 0.072976 seconds
working/timetest.50/1.5/0.25/16/dnapars/log.log: 78.862856 seconds
working/timetest.50/1.5/0.25/16/dnapars: 0.000007 seconds
working/timetest.50/1.5/0.25/16/gctree.inference.log: 5.456562 seconds
working/timetest.50/1.5/0.25/16/validation.gctree.tsv: 12.871944 seconds
working/timetest.50/1.5/0.25/16: 0.000013 seconds
working/timetest.50/1.5/0.25/17/gctree.simulation.fasta: 4.128679 seconds
working/timetest.50/1.5/0.25/17/gctree.simulation.phylip: 0.254217 seconds
working/timetest.50/1.5/0.25/17/dnapars/config.cfg: 0.071599 seconds
working/timetest.50/1.5/0.25/17/dnapars/log.log: 0.337182 seconds
working/timetest.50/1.5/0.25/17/dnapars: 0.000008 seconds
working/timetest.50/1.5/0.25/17/gctree.inference.log: 3.602487 seconds
working/timetest.50/1.5/0.25/17/validation.gctree.tsv: 11.011566 seconds
working/timetest.50/1.5/0.25/17: 0.000014 seconds
working/timetest.50/1.5/0.25/18/gctree.simulation.fasta: 4.253675 seconds
working/timetest.50/1.5/0.25/18/gctree.simulation.phylip: 0.247088 seconds
working/timetest.50/1.5/0.25/18/dnapars/config.cfg: 0.061314 seconds
working/timetest.50/1.5/0.25/18/dnapars/log.log: 116.779347 seconds
working/timetest.50/1.5/0.25/18/dnapars: 0.000009 seconds
working/timetest.50/1.5/0.25/18/gctree.inference.log: 3.640413 seconds
working/timetest.50/1.5/0.25/18/validation.gctree.tsv: 11.765211 seconds
working/timetest.50/1.5/0.25/18: 0.000014 seconds
working/timetest.50/1.5/0.25/19/gctree.simulation.fasta: 3.883988 seconds
working/timetest.50/1.5/0.25/19/gctree.simulation.phylip: 0.259781 seconds
working/timetest.50/1.5/0.25/19/dnapars/config.cfg: 0.074594 seconds
working/timetest.50/1.5/0.25/19/dnapars/log.log: 0.379960 seconds
working/timetest.50/1.5/0.25/19/dnapars: 0.000009 seconds
working/timetest.50/1.5/0.25/19/gctree.inference.log: 3.410184 seconds
working/timetest.50/1.5/0.25/19/validation.gctree.tsv: 10.158364 seconds
working/timetest.50/1.5/0.25/19: 0.000013 seconds
working/timetest.50/1.5/0.25/2/gctree.simulation.fasta: 3.409382 seconds
working/timetest.50/1.5/0.25/2/gctree.simulation.phylip: 0.252389 seconds
working/timetest.50/1.5/0.25/2/dnapars/config.cfg: 0.066281 seconds
working/timetest.50/1.5/0.25/2/dnapars/log.log: 0.122137 seconds
working/timetest.50/1.5/0.25/2/dnapars: 0.000006 seconds
working/timetest.50/1.5/0.25/2/gctree.inference.log: 3.221284 seconds
working/timetest.50/1.5/0.25/2/validation.gctree.tsv: 10.621459 seconds
working/timetest.50/1.5/0.25/2: 0.000013 seconds
working/timetest.50/1.5/0.25/20/gctree.simulation.fasta: 3.732879 seconds
working/timetest.50/1.5/0.25/20/gctree.simulation.phylip: 0.251433 seconds
working/timetest.50/1.5/0.25/20/dnapars/config.cfg: 0.076769 seconds
working/timetest.50/1.5/0.25/20/dnapars/log.log: 0.203192 seconds
working/timetest.50/1.5/0.25/20/dnapars: 0.000018 seconds
working/timetest.50/1.5/0.25/20/gctree.inference.log: 8.826063 seconds
working/timetest.50/1.5/0.25/20/validation.gctree.tsv: 10.099747 seconds
working/timetest.50/1.5/0.25/20: 0.000013 seconds
working/timetest.50/1.5/0.25/3/gctree.simulation.fasta: 3.653531 seconds
working/timetest.50/1.5/0.25/3/gctree.simulation.phylip: 0.239691 seconds
working/timetest.50/1.5/0.25/3/dnapars/config.cfg: 0.066091 seconds
working/timetest.50/1.5/0.25/3/dnapars/log.log: 0.324597 seconds
working/timetest.50/1.5/0.25/3/dnapars: 0.000010 seconds
working/timetest.50/1.5/0.25/3/gctree.inference.log: 3.084837 seconds
working/timetest.50/1.5/0.25/3/validation.gctree.tsv: 10.742726 seconds
working/timetest.50/1.5/0.25/3: 0.000012 seconds
working/timetest.50/1.5/0.25/4/gctree.simulation.fasta: 4.592453 seconds
working/timetest.50/1.5/0.25/4/gctree.simulation.phylip: 0.240241 seconds
working/timetest.50/1.5/0.25/4/dnapars/config.cfg: 0.046363 seconds
working/timetest.50/1.5/0.25/4/dnapars/log.log: 0.272654 seconds
working/timetest.50/1.5/0.25/4/dnapars: 0.000008 seconds
working/timetest.50/1.5/0.25/4/gctree.inference.log: 6.782157 seconds
working/timetest.50/1.5/0.25/4/validation.gctree.tsv: 10.052789 seconds
working/timetest.50/1.5/0.25/4: 0.000010 seconds
working/timetest.50/1.5/0.25/5/gctree.simulation.fasta: 3.219142 seconds
working/timetest.50/1.5/0.25/5/gctree.simulation.phylip: 0.255110 seconds
working/timetest.50/1.5/0.25/5/dnapars/config.cfg: 0.047040 seconds
working/timetest.50/1.5/0.25/5/dnapars/log.log: 0.214106 seconds
working/timetest.50/1.5/0.25/5/dnapars: 0.000007 seconds
working/timetest.50/1.5/0.25/5/gctree.inference.log: 3.955179 seconds
working/timetest.50/1.5/0.25/5/validation.gctree.tsv: 10.042316 seconds
working/timetest.50/1.5/0.25/5: 0.000012 seconds
working/timetest.50/1.5/0.25/6/gctree.simulation.fasta: 3.615077 seconds
working/timetest.50/1.5/0.25/6/gctree.simulation.phylip: 0.236004 seconds
working/timetest.50/1.5/0.25/6/dnapars/config.cfg: 0.056656 seconds
working/timetest.50/1.5/0.25/6/dnapars/log.log: 0.439764 seconds
working/timetest.50/1.5/0.25/6/dnapars: 0.000014 seconds
working/timetest.50/1.5/0.25/6/gctree.inference.log: 3.807846 seconds
working/timetest.50/1.5/0.25/6/validation.gctree.tsv: 9.868101 seconds
working/timetest.50/1.5/0.25/6: 0.000013 seconds
working/timetest.50/1.5/0.25/7/gctree.simulation.fasta: 4.604468 seconds
working/timetest.50/1.5/0.25/7/gctree.simulation.phylip: 0.268304 seconds
working/timetest.50/1.5/0.25/7/dnapars/config.cfg: 0.108902 seconds
working/timetest.50/1.5/0.25/7/dnapars/log.log: 0.301997 seconds
working/timetest.50/1.5/0.25/7/dnapars: 0.000012 seconds
working/timetest.50/1.5/0.25/7/gctree.inference.log: 3.369953 seconds
working/timetest.50/1.5/0.25/7/validation.gctree.tsv: 9.844642 seconds
working/timetest.50/1.5/0.25/7: 0.000013 seconds
working/timetest.50/1.5/0.25/8/gctree.simulation.fasta: 3.075213 seconds
working/timetest.50/1.5/0.25/8/gctree.simulation.phylip: 0.238338 seconds
working/timetest.50/1.5/0.25/8/dnapars/config.cfg: 0.056547 seconds
working/timetest.50/1.5/0.25/8/dnapars/log.log: 0.119226 seconds
working/timetest.50/1.5/0.25/8/dnapars: 0.000014 seconds
working/timetest.50/1.5/0.25/8/gctree.inference.log: 2.560345 seconds
working/timetest.50/1.5/0.25/8/validation.gctree.tsv: 102.096036 seconds
working/timetest.50/1.5/0.25/8: 0.000014 seconds
working/timetest.50/1.5/0.25/9/gctree.simulation.fasta: 3.524650 seconds
working/timetest.50/1.5/0.25/9/gctree.simulation.phylip: 0.541729 seconds
working/timetest.50/1.5/0.25/9/dnapars/config.cfg: 0.072390 seconds
working/timetest.50/1.5/0.25/9/dnapars/log.log: 0.712199 seconds
working/timetest.50/1.5/0.25/9/dnapars: 0.000009 seconds
working/timetest.50/1.5/0.25/9/gctree.inference.log: 5.030392 seconds
working/timetest.50/1.5/0.25/9/validation.gctree.tsv: 10.183355 seconds
working/timetest.50/1.5/0.25/9: 0.000012 seconds
working/timetest.50/1.5/0.25/gctree.simulation.stats.log: 2.289017 seconds
working/timetest.50/1.5/0.25/gctree.simulation.summary_stats.log: 1.929744 seconds
working/timetest.50/1.5/0.25/gctree.validaggreg.log: 3.120996 seconds
working/timetest.50/1.5/0.25/validaggreg.log: 7.529253 seconds
working/timetest.50/1.5/0.25: 0.000009 seconds
working/timetest.50/1.5: 0.000003 seconds
working/timetest.50/aggregation.log: 1.598033 seconds
working/timetest.50: 0.000009 seconds
working: 0.000004 seconds
.: 0.000003 seconds
working/timetest.100/1.5/0.25/1/gctree.simulation.fasta: 5.008722 seconds
working/timetest.100/1.5/0.25/1/gctree.simulation.phylip: 0.268932 seconds
working/timetest.100/1.5/0.25/1/dnapars/config.cfg: 0.075324 seconds
working/timetest.100/1.5/0.25/1/dnapars/log.log: 1.407491 seconds
working/timetest.100/1.5/0.25/1/dnapars: 0.000005 seconds
working/timetest.100/1.5/0.25/1/gctree.inference.log: 3.674745 seconds
working/timetest.100/1.5/0.25/1/validation.gctree.tsv: 12.455563 seconds
working/timetest.100/1.5/0.25/1: 0.000015 seconds
working/timetest.100/1.5/0.25/10/gctree.simulation.fasta: 5.222100 seconds
working/timetest.100/1.5/0.25/10/gctree.simulation.phylip: 0.265148 seconds
working/timetest.100/1.5/0.25/10/dnapars/config.cfg: 0.080434 seconds
working/timetest.100/1.5/0.25/10/dnapars/log.log: 608.229422 seconds
working/timetest.100/1.5/0.25/10/dnapars: 0.000009 seconds
working/timetest.100/1.5/0.25/10/gctree.inference.log: 6.044995 seconds
working/timetest.100/1.5/0.25/10/validation.gctree.tsv: 17.937862 seconds
working/timetest.100/1.5/0.25/10: 0.000017 seconds
working/timetest.100/1.5/0.25/11/gctree.simulation.fasta: 6.191563 seconds
working/timetest.100/1.5/0.25/11/gctree.simulation.phylip: 0.223608 seconds
working/timetest.100/1.5/0.25/11/dnapars/config.cfg: 0.047985 seconds
working/timetest.100/1.5/0.25/11/dnapars/log.log: 922.604911 seconds
working/timetest.100/1.5/0.25/11/dnapars: 0.000007 seconds
working/timetest.100/1.5/0.25/11/gctree.inference.log: 4.314452 seconds
working/timetest.100/1.5/0.25/11/validation.gctree.tsv: 11.388606 seconds
working/timetest.100/1.5/0.25/11: 0.000014 seconds
working/timetest.100/1.5/0.25/12/gctree.simulation.fasta: 7.195381 seconds
working/timetest.100/1.5/0.25/12/gctree.simulation.phylip: 0.249817 seconds
working/timetest.100/1.5/0.25/12/dnapars/config.cfg: 0.066975 seconds
working/timetest.100/1.5/0.25/12/dnapars/log.log: 688.486274 seconds
working/timetest.100/1.5/0.25/12/dnapars: 0.000008 seconds
working/timetest.100/1.5/0.25/12/gctree.inference.log: 10.218918 seconds
working/timetest.100/1.5/0.25/12/validation.gctree.tsv: 14.976289 seconds
working/timetest.100/1.5/0.25/12: 0.000015 seconds
working/timetest.100/1.5/0.25/13/gctree.simulation.fasta: 4.455443 seconds
working/timetest.100/1.5/0.25/13/gctree.simulation.phylip: 0.245141 seconds
working/timetest.100/1.5/0.25/13/dnapars/config.cfg: 0.056147 seconds
working/timetest.100/1.5/0.25/13/dnapars/log.log: 302.491400 seconds
working/timetest.100/1.5/0.25/13/dnapars: 0.000010 seconds
working/timetest.100/1.5/0.25/13/gctree.inference.log: 8.301837 seconds
working/timetest.100/1.5/0.25/13/validation.gctree.tsv: 14.587576 seconds
working/timetest.100/1.5/0.25/13: 0.000012 seconds
working/timetest.100/1.5/0.25/14/gctree.simulation.fasta: 5.075449 seconds
working/timetest.100/1.5/0.25/14/gctree.simulation.phylip: 0.238326 seconds
working/timetest.100/1.5/0.25/14/dnapars/config.cfg: 0.060842 seconds
working/timetest.100/1.5/0.25/14/dnapars/log.log: 16.865338 seconds
working/timetest.100/1.5/0.25/14/dnapars: 0.000009 seconds
working/timetest.100/1.5/0.25/14/gctree.inference.log: 3.084668 seconds
working/timetest.100/1.5/0.25/14/validation.gctree.tsv: 11.501079 seconds
working/timetest.100/1.5/0.25/14: 0.000012 seconds
working/timetest.100/1.5/0.25/15/gctree.simulation.fasta: 6.665086 seconds
working/timetest.100/1.5/0.25/15/gctree.simulation.phylip: 0.229005 seconds
working/timetest.100/1.5/0.25/15/dnapars/config.cfg: 0.063841 seconds
working/timetest.100/1.5/0.25/15/dnapars/log.log: 731.526243 seconds
working/timetest.100/1.5/0.25/15/dnapars: 0.000010 seconds
working/timetest.100/1.5/0.25/15/gctree.inference.log: 10.986505 seconds
working/timetest.100/1.5/0.25/15/validation.gctree.tsv: 13.810416 seconds
working/timetest.100/1.5/0.25/15: 0.000015 seconds
working/timetest.100/1.5/0.25/16/gctree.simulation.fasta: 5.160956 seconds
working/timetest.100/1.5/0.25/16/gctree.simulation.phylip: 0.299589 seconds
working/timetest.100/1.5/0.25/16/dnapars/config.cfg: 0.063455 seconds
working/timetest.100/1.5/0.25/16/dnapars/log.log: 435.202005 seconds
working/timetest.100/1.5/0.25/16/dnapars: 0.000006 seconds
working/timetest.100/1.5/0.25/16/gctree.inference.log: 3.567911 seconds
working/timetest.100/1.5/0.25/16/validation.gctree.tsv: 12.411683 seconds
working/timetest.100/1.5/0.25/16: 0.000016 seconds
working/timetest.100/1.5/0.25/17/gctree.simulation.fasta: 4.908545 seconds
working/timetest.100/1.5/0.25/17/gctree.simulation.phylip: 0.258940 seconds
working/timetest.100/1.5/0.25/17/dnapars/config.cfg: 0.097966 seconds
working/timetest.100/1.5/0.25/17/dnapars/log.log: 2.401528 seconds
working/timetest.100/1.5/0.25/17/dnapars: 0.000010 seconds
working/timetest.100/1.5/0.25/17/gctree.inference.log: 13.301129 seconds
working/timetest.100/1.5/0.25/17/validation.gctree.tsv: 11.084258 seconds
working/timetest.100/1.5/0.25/17: 0.000010 seconds
working/timetest.100/1.5/0.25/18/gctree.simulation.fasta: 5.390228 seconds
working/timetest.100/1.5/0.25/18/gctree.simulation.phylip: 0.286173 seconds
working/timetest.100/1.5/0.25/18/dnapars/config.cfg: 0.070888 seconds
working/timetest.100/1.5/0.25/18/dnapars/log.log: 498.363515 seconds
working/timetest.100/1.5/0.25/18/dnapars: 0.000010 seconds
working/timetest.100/1.5/0.25/18/gctree.inference.log: 9.307499 seconds
working/timetest.100/1.5/0.25/18/validation.gctree.tsv: 14.068853 seconds
working/timetest.100/1.5/0.25/18: 0.000017 seconds
working/timetest.100/1.5/0.25/19/gctree.simulation.fasta: 5.328130 seconds
working/timetest.100/1.5/0.25/19/gctree.simulation.phylip: 0.264677 seconds
working/timetest.100/1.5/0.25/19/dnapars/config.cfg: 0.045032 seconds
working/timetest.100/1.5/0.25/19/dnapars/log.log: 394.029550 seconds
working/timetest.100/1.5/0.25/19/dnapars: 0.000008 seconds
working/timetest.100/1.5/0.25/19/gctree.inference.log: 4.642750 seconds
working/timetest.100/1.5/0.25/19/validation.gctree.tsv: 14.716012 seconds
working/timetest.100/1.5/0.25/19: 0.000012 seconds
working/timetest.100/1.5/0.25/2/gctree.simulation.fasta: 6.974237 seconds
working/timetest.100/1.5/0.25/2/gctree.simulation.phylip: 0.262501 seconds
working/timetest.100/1.5/0.25/2/dnapars/config.cfg: 0.077062 seconds
working/timetest.100/1.5/0.25/2/dnapars/log.log: 304.804500 seconds
working/timetest.100/1.5/0.25/2/dnapars: 0.000008 seconds
working/timetest.100/1.5/0.25/2/gctree.inference.log: 8.532395 seconds
working/timetest.100/1.5/0.25/2/validation.gctree.tsv: 12.981157 seconds
working/timetest.100/1.5/0.25/2: 0.000011 seconds
working/timetest.100/1.5/0.25/20/gctree.simulation.fasta: 5.234269 seconds
working/timetest.100/1.5/0.25/20/gctree.simulation.phylip: 0.292570 seconds
working/timetest.100/1.5/0.25/20/dnapars/config.cfg: 0.067302 seconds
working/timetest.100/1.5/0.25/20/dnapars/log.log: 8.489279 seconds
working/timetest.100/1.5/0.25/20/dnapars: 0.000009 seconds
working/timetest.100/1.5/0.25/20/gctree.inference.log: 3.860801 seconds
working/timetest.100/1.5/0.25/20/validation.gctree.tsv: 11.060911 seconds
working/timetest.100/1.5/0.25/20: 0.000014 seconds
working/timetest.100/1.5/0.25/3/gctree.simulation.fasta: 10.254316 seconds
working/timetest.100/1.5/0.25/3/gctree.simulation.phylip: 0.222609 seconds
working/timetest.100/1.5/0.25/3/dnapars/config.cfg: 0.066159 seconds
working/timetest.100/1.5/0.25/3/dnapars/log.log: 348.628000 seconds
working/timetest.100/1.5/0.25/3/dnapars: 0.000007 seconds
working/timetest.100/1.5/0.25/3/gctree.inference.log: 4.798040 seconds
working/timetest.100/1.5/0.25/3/validation.gctree.tsv: 16.147414 seconds
working/timetest.100/1.5/0.25/3: 0.000014 seconds
working/timetest.100/1.5/0.25/4/gctree.simulation.fasta: 7.653930 seconds
working/timetest.100/1.5/0.25/4/gctree.simulation.phylip: 0.241072 seconds
working/timetest.100/1.5/0.25/4/dnapars/config.cfg: 0.045546 seconds
working/timetest.100/1.5/0.25/4/dnapars/log.log: 2.184349 seconds
working/timetest.100/1.5/0.25/4/dnapars: 0.000011 seconds
working/timetest.100/1.5/0.25/4/gctree.inference.log: 3.256685 seconds
working/timetest.100/1.5/0.25/4/validation.gctree.tsv: 10.534466 seconds
working/timetest.100/1.5/0.25/4: 0.000012 seconds
working/timetest.100/1.5/0.25/5/gctree.simulation.fasta: 6.231789 seconds
working/timetest.100/1.5/0.25/5/gctree.simulation.phylip: 0.251868 seconds
working/timetest.100/1.5/0.25/5/dnapars/config.cfg: 0.074776 seconds
working/timetest.100/1.5/0.25/5/dnapars/log.log: 286.188030 seconds
working/timetest.100/1.5/0.25/5/dnapars: 0.000009 seconds
working/timetest.100/1.5/0.25/5/gctree.inference.log: 16.554728 seconds
working/timetest.100/1.5/0.25/5/validation.gctree.tsv: 13.001931 seconds
working/timetest.100/1.5/0.25/5: 0.000023 seconds
working/timetest.100/1.5/0.25/6/gctree.simulation.fasta: 5.441943 seconds
working/timetest.100/1.5/0.25/6/gctree.simulation.phylip: 0.369810 seconds
working/timetest.100/1.5/0.25/6/dnapars/config.cfg: 0.071329 seconds
working/timetest.100/1.5/0.25/6/dnapars/log.log: 1.299569 seconds
working/timetest.100/1.5/0.25/6/dnapars: 0.000010 seconds
working/timetest.100/1.5/0.25/6/gctree.inference.log: 4.146533 seconds
working/timetest.100/1.5/0.25/6/validation.gctree.tsv: 10.214705 seconds
working/timetest.100/1.5/0.25/6: 0.000014 seconds
working/timetest.100/1.5/0.25/7/gctree.simulation.fasta: 9.526569 seconds
working/timetest.100/1.5/0.25/7/gctree.simulation.phylip: 0.231595 seconds
working/timetest.100/1.5/0.25/7/dnapars/config.cfg: 0.072944 seconds
working/timetest.100/1.5/0.25/7/dnapars/log.log: 649.750134 seconds
working/timetest.100/1.5/0.25/7/dnapars: 0.000012 seconds
working/timetest.100/1.5/0.25/7/gctree.inference.log: 29.257783 seconds
working/timetest.100/1.5/0.25/7/validation.gctree.tsv: 51.625050 seconds
working/timetest.100/1.5/0.25/7: 0.000017 seconds
working/timetest.100/1.5/0.25/8/gctree.simulation.fasta: 5.485643 seconds
working/timetest.100/1.5/0.25/8/gctree.simulation.phylip: 0.224865 seconds
working/timetest.100/1.5/0.25/8/dnapars/config.cfg: 0.057053 seconds
working/timetest.100/1.5/0.25/8/dnapars/log.log: 4.504967 seconds
working/timetest.100/1.5/0.25/8/dnapars: 0.000010 seconds
working/timetest.100/1.5/0.25/8/gctree.inference.log: 3.466678 seconds
working/timetest.100/1.5/0.25/8/validation.gctree.tsv: 12.964766 seconds
working/timetest.100/1.5/0.25/8: 0.000016 seconds
working/timetest.100/1.5/0.25/9/gctree.simulation.fasta: 4.945530 seconds
working/timetest.100/1.5/0.25/9/gctree.simulation.phylip: 0.234076 seconds
working/timetest.100/1.5/0.25/9/dnapars/config.cfg: 0.073682 seconds
working/timetest.100/1.5/0.25/9/dnapars/log.log: 1.037377 seconds
working/timetest.100/1.5/0.25/9/dnapars: 0.000010 seconds
working/timetest.100/1.5/0.25/9/gctree.inference.log: 7.146477 seconds
working/timetest.100/1.5/0.25/9/validation.gctree.tsv: 10.359903 seconds
working/timetest.100/1.5/0.25/9: 0.000015 seconds
working/timetest.100/1.5/0.25/gctree.simulation.stats.log: 2.345214 seconds
working/timetest.100/1.5/0.25/gctree.simulation.summary_stats.log: 3.103948 seconds
working/timetest.100/1.5/0.25/gctree.validaggreg.log: 3.941163 seconds
working/timetest.100/1.5/0.25/validaggreg.log: 7.514538 seconds
working/timetest.100/1.5/0.25: 0.000019 seconds
working/timetest.100/1.5: 0.000008 seconds
working/timetest.100/aggregation.log: 1.455185 seconds
working/timetest.100: 0.000011 seconds
working: 0.000003 seconds
.: 0.000003 seconds
working/timetest.150/1.5/0.25/1/gctree.simulation.fasta: 24.930401 seconds
working/timetest.150/1.5/0.25/1/gctree.simulation.phylip: 0.245164 seconds
working/timetest.150/1.5/0.25/1/dnapars/config.cfg: 0.047731 seconds
working/timetest.150/1.5/0.25/1/dnapars/log.log: 1117.754829 seconds
working/timetest.150/1.5/0.25/1/dnapars: 0.000007 seconds
working/timetest.150/1.5/0.25/1/gctree.inference.log: 43.117233 seconds
working/timetest.150/1.5/0.25/1/validation.gctree.tsv: 155.556549 seconds
working/timetest.150/1.5/0.25/1: 0.000011 seconds
working/timetest.150/1.5/0.25/10/gctree.simulation.fasta: 11.516607 seconds
working/timetest.150/1.5/0.25/10/gctree.simulation.phylip: 0.215169 seconds
working/timetest.150/1.5/0.25/10/dnapars/config.cfg: 0.044929 seconds
working/timetest.150/1.5/0.25/10/dnapars/log.log: 883.384099 seconds
working/timetest.150/1.5/0.25/10/dnapars: 0.000009 seconds
working/timetest.150/1.5/0.25/10/gctree.inference.log: 18.822443 seconds
working/timetest.150/1.5/0.25/10/validation.gctree.tsv: 37.990709 seconds
working/timetest.150/1.5/0.25/10: 0.000009 seconds
working/timetest.150/1.5/0.25/11/gctree.simulation.fasta: 10.529127 seconds
working/timetest.150/1.5/0.25/11/gctree.simulation.phylip: 0.196375 seconds
working/timetest.150/1.5/0.25/11/dnapars/config.cfg: 0.058353 seconds
working/timetest.150/1.5/0.25/11/dnapars/log.log: 1498.804490 seconds
working/timetest.150/1.5/0.25/11/dnapars: 0.000007 seconds
working/timetest.150/1.5/0.25/11/gctree.inference.log: 10.123316 seconds
working/timetest.150/1.5/0.25/11/validation.gctree.tsv: 20.056034 seconds
working/timetest.150/1.5/0.25/11: 0.000014 seconds
working/timetest.150/1.5/0.25/12/gctree.simulation.fasta: 8.053886 seconds
working/timetest.150/1.5/0.25/12/gctree.simulation.phylip: 0.207924 seconds
working/timetest.150/1.5/0.25/12/dnapars/config.cfg: 0.048771 seconds
working/timetest.150/1.5/0.25/12/dnapars/log.log: 33113.695765 seconds
working/timetest.150/1.5/0.25/12/dnapars: 0.000008 seconds
working/timetest.150/1.5/0.25/12/gctree.inference.log: 94.919724 seconds
working/timetest.150/1.5/0.25/12/validation.gctree.tsv: 577.370304 seconds
working/timetest.150/1.5/0.25/12: 0.000013 seconds
working/timetest.150/1.5/0.25/13/gctree.simulation.fasta: 5.719934 seconds
working/timetest.150/1.5/0.25/13/gctree.simulation.phylip: 0.255360 seconds
working/timetest.150/1.5/0.25/13/dnapars/config.cfg: 0.068642 seconds
working/timetest.150/1.5/0.25/13/dnapars/log.log: 1060.055472 seconds
working/timetest.150/1.5/0.25/13/dnapars: 0.000009 seconds
working/timetest.150/1.5/0.25/13/gctree.inference.log: 58.789441 seconds
working/timetest.150/1.5/0.25/13/validation.gctree.tsv: 156.299720 seconds
working/timetest.150/1.5/0.25/13: 0.000011 seconds
working/timetest.150/1.5/0.25/14/gctree.simulation.fasta: 6.781251 seconds
working/timetest.150/1.5/0.25/14/gctree.simulation.phylip: 0.249020 seconds
working/timetest.150/1.5/0.25/14/dnapars/config.cfg: 0.067047 seconds
working/timetest.150/1.5/0.25/14/dnapars/log.log: 1199.881125 seconds
working/timetest.150/1.5/0.25/14/dnapars: 0.000008 seconds
working/timetest.150/1.5/0.25/14/gctree.inference.log: 27.183965 seconds
working/timetest.150/1.5/0.25/14/validation.gctree.tsv: 30.434033 seconds
working/timetest.150/1.5/0.25/14: 0.000012 seconds
working/timetest.150/1.5/0.25/15/gctree.simulation.fasta: 5.575867 seconds
working/timetest.150/1.5/0.25/15/gctree.simulation.phylip: 0.276979 seconds
working/timetest.150/1.5/0.25/15/dnapars/config.cfg: 0.075580 seconds
working/timetest.150/1.5/0.25/15/dnapars/log.log: 762.176529 seconds
working/timetest.150/1.5/0.25/15/dnapars: 0.000009 seconds
working/timetest.150/1.5/0.25/15/gctree.inference.log: 39.268630 seconds
working/timetest.150/1.5/0.25/15/validation.gctree.tsv: 128.675850 seconds
working/timetest.150/1.5/0.25/15: 0.000014 seconds
working/timetest.150/1.5/0.25/16/gctree.simulation.fasta: 6.403137 seconds
working/timetest.150/1.5/0.25/16/gctree.simulation.phylip: 0.250974 seconds
working/timetest.150/1.5/0.25/16/dnapars/config.cfg: 0.069338 seconds
working/timetest.150/1.5/0.25/16/dnapars/log.log: 1007.104500 seconds
working/timetest.150/1.5/0.25/16/dnapars: 0.000008 seconds
working/timetest.150/1.5/0.25/16/gctree.inference.log: 4.817639 seconds
working/timetest.150/1.5/0.25/16/validation.gctree.tsv: 14.890286 seconds
working/timetest.150/1.5/0.25/16: 0.000010 seconds
working/timetest.150/1.5/0.25/17/gctree.simulation.fasta: 6.424795 seconds
working/timetest.150/1.5/0.25/17/gctree.simulation.phylip: 0.342100 seconds
working/timetest.150/1.5/0.25/17/dnapars/config.cfg: 0.085524 seconds
working/timetest.150/1.5/0.25/17/dnapars/log.log: 1314.348002 seconds
working/timetest.150/1.5/0.25/17/dnapars: 0.000010 seconds
working/timetest.150/1.5/0.25/17/gctree.inference.log: 42.541961 seconds
working/timetest.150/1.5/0.25/17/validation.gctree.tsv: 193.326063 seconds
working/timetest.150/1.5/0.25/17: 0.000011 seconds
working/timetest.150/1.5/0.25/18/gctree.simulation.fasta: 11.398466 seconds
working/timetest.150/1.5/0.25/18/gctree.simulation.phylip: 0.259644 seconds
working/timetest.150/1.5/0.25/18/dnapars/config.cfg: 0.059217 seconds
working/timetest.150/1.5/0.25/18/dnapars/log.log: 1449.834058 seconds
working/timetest.150/1.5/0.25/18/dnapars: 0.000014 seconds
working/timetest.150/1.5/0.25/18/gctree.inference.log: 5.134110 seconds
working/timetest.150/1.5/0.25/18/validation.gctree.tsv: 14.579021 seconds
working/timetest.150/1.5/0.25/18: 0.000014 seconds
working/timetest.150/1.5/0.25/19/gctree.simulation.fasta: 19.458344 seconds
working/timetest.150/1.5/0.25/19/gctree.simulation.phylip: 0.460329 seconds
working/timetest.150/1.5/0.25/19/dnapars/config.cfg: 0.065699 seconds
working/timetest.150/1.5/0.25/19/dnapars/log.log: 1030.347422 seconds
working/timetest.150/1.5/0.25/19/dnapars: 0.000009 seconds
working/timetest.150/1.5/0.25/19/gctree.inference.log: 11.715590 seconds
working/timetest.150/1.5/0.25/19/validation.gctree.tsv: 43.460455 seconds
working/timetest.150/1.5/0.25/19: 0.000013 seconds
working/timetest.150/1.5/0.25/2/gctree.simulation.fasta: 6.151893 seconds
working/timetest.150/1.5/0.25/2/gctree.simulation.phylip: 0.266416 seconds
working/timetest.150/1.5/0.25/2/dnapars/config.cfg: 0.074626 seconds
working/timetest.150/1.5/0.25/2/dnapars/log.log: 6.904543 seconds
working/timetest.150/1.5/0.25/2/dnapars: 0.000013 seconds
working/timetest.150/1.5/0.25/2/gctree.inference.log: 45.172584 seconds
working/timetest.150/1.5/0.25/2/validation.gctree.tsv: 16.804051 seconds
working/timetest.150/1.5/0.25/2: 0.000010 seconds
working/timetest.150/1.5/0.25/20/gctree.simulation.fasta: 9.277417 seconds
working/timetest.150/1.5/0.25/20/gctree.simulation.phylip: 0.253959 seconds
working/timetest.150/1.5/0.25/20/dnapars/config.cfg: 0.062127 seconds
working/timetest.150/1.5/0.25/20/dnapars/log.log: 764.641013 seconds
working/timetest.150/1.5/0.25/20/dnapars: 0.000008 seconds
working/timetest.150/1.5/0.25/20/gctree.inference.log: 5.630082 seconds
working/timetest.150/1.5/0.25/20/validation.gctree.tsv: 11.886937 seconds
working/timetest.150/1.5/0.25/20: 0.000014 seconds
working/timetest.150/1.5/0.25/3/gctree.simulation.fasta: 10.327535 seconds
working/timetest.150/1.5/0.25/3/gctree.simulation.phylip: 0.253720 seconds
working/timetest.150/1.5/0.25/3/dnapars/config.cfg: 0.082720 seconds
working/timetest.150/1.5/0.25/3/dnapars/log.log: 1160.504991 seconds
working/timetest.150/1.5/0.25/3/dnapars: 0.000008 seconds
working/timetest.150/1.5/0.25/3/gctree.inference.log: 9.068116 seconds
working/timetest.150/1.5/0.25/3/validation.gctree.tsv: 29.806341 seconds
working/timetest.150/1.5/0.25/3: 0.000010 seconds
working/timetest.150/1.5/0.25/4/gctree.simulation.fasta: 19.712229 seconds
working/timetest.150/1.5/0.25/4/gctree.simulation.phylip: 0.292890 seconds
working/timetest.150/1.5/0.25/4/dnapars/config.cfg: 0.066509 seconds
working/timetest.150/1.5/0.25/4/dnapars/log.log: 1453.726527 seconds
working/timetest.150/1.5/0.25/4/dnapars: 0.000008 seconds
working/timetest.150/1.5/0.25/4/gctree.inference.log: 5.732325 seconds
working/timetest.150/1.5/0.25/4/validation.gctree.tsv: 17.984978 seconds
working/timetest.150/1.5/0.25/4: 0.000015 seconds
working/timetest.150/1.5/0.25/5/gctree.simulation.fasta: 7.724667 seconds
working/timetest.150/1.5/0.25/5/gctree.simulation.phylip: 0.297437 seconds
working/timetest.150/1.5/0.25/5/dnapars/config.cfg: 0.055028 seconds
working/timetest.150/1.5/0.25/5/dnapars/log.log: 1128.303699 seconds
working/timetest.150/1.5/0.25/5/dnapars: 0.000008 seconds
working/timetest.150/1.5/0.25/5/gctree.inference.log: 11.803503 seconds
working/timetest.150/1.5/0.25/5/validation.gctree.tsv: 13.678976 seconds
working/timetest.150/1.5/0.25/5: 0.000011 seconds
working/timetest.150/1.5/0.25/6/gctree.simulation.fasta: 6.917313 seconds
working/timetest.150/1.5/0.25/6/gctree.simulation.phylip: 0.295407 seconds
working/timetest.150/1.5/0.25/6/dnapars/config.cfg: 0.082202 seconds
working/timetest.150/1.5/0.25/6/dnapars/log.log: 1198.167158 seconds
working/timetest.150/1.5/0.25/6/dnapars: 0.000009 seconds
working/timetest.150/1.5/0.25/6/gctree.inference.log: 13.574026 seconds
working/timetest.150/1.5/0.25/6/validation.gctree.tsv: 20.085451 seconds
working/timetest.150/1.5/0.25/6: 0.000016 seconds
working/timetest.150/1.5/0.25/7/gctree.simulation.fasta: 6.912100 seconds
working/timetest.150/1.5/0.25/7/gctree.simulation.phylip: 0.223450 seconds
working/timetest.150/1.5/0.25/7/dnapars/config.cfg: 0.076506 seconds
working/timetest.150/1.5/0.25/7/dnapars/log.log: 1206.926318 seconds
working/timetest.150/1.5/0.25/7/dnapars: 0.000011 seconds
working/timetest.150/1.5/0.25/7/gctree.inference.log: 20.121194 seconds
working/timetest.150/1.5/0.25/7/validation.gctree.tsv: 119.812899 seconds
working/timetest.150/1.5/0.25/7: 0.000014 seconds
working/timetest.150/1.5/0.25/8/gctree.simulation.fasta: 6.031471 seconds
working/timetest.150/1.5/0.25/8/gctree.simulation.phylip: 0.271060 seconds
working/timetest.150/1.5/0.25/8/dnapars/config.cfg: 0.064906 seconds
working/timetest.150/1.5/0.25/8/dnapars/log.log: 796.567327 seconds
working/timetest.150/1.5/0.25/8/dnapars: 0.000009 seconds
working/timetest.150/1.5/0.25/8/gctree.inference.log: 7.194427 seconds
working/timetest.150/1.5/0.25/8/validation.gctree.tsv: 13.809214 seconds
working/timetest.150/1.5/0.25/8: 0.000010 seconds
working/timetest.150/1.5/0.25/9/gctree.simulation.fasta: 7.053642 seconds
working/timetest.150/1.5/0.25/9/gctree.simulation.phylip: 0.360378 seconds
working/timetest.150/1.5/0.25/9/dnapars/config.cfg: 0.056576 seconds
working/timetest.150/1.5/0.25/9/dnapars/log.log: 1763.098450 seconds
working/timetest.150/1.5/0.25/9/dnapars: 0.000009 seconds
working/timetest.150/1.5/0.25/9/gctree.inference.log: 8.389023 seconds
working/timetest.150/1.5/0.25/9/validation.gctree.tsv: 45.425786 seconds
working/timetest.150/1.5/0.25/9: 0.000014 seconds
working/timetest.150/1.5/0.25/gctree.simulation.stats.log: 3.078223 seconds
working/timetest.150/1.5/0.25/gctree.simulation.summary_stats.log: 5.698777 seconds
working/timetest.150/1.5/0.25/gctree.validaggreg.log: 8.586885 seconds
working/timetest.150/1.5/0.25/validaggreg.log: 9.396192 seconds
working/timetest.150/1.5/0.25: 0.000009 seconds
working/timetest.150/1.5: 0.000004 seconds
working/timetest.150/aggregation.log: 1.480996 seconds
working/timetest.150: 0.000009 seconds
working: 0.000004 seconds
.: 0.000003 seconds
